2017-07-04 15:14:15,202 INFO  [LoginPage] @@@@@@@@@@@@@@@@@@@@@@@@@@@@@@@@@@@@@@@@@@@@@@@@@@@@@@@@@@@@@Hello info! 
2017-07-04 15:16:41,556 INFO  [LoginPage] @@@@@@@@@@@@@@@@@@@@@@@@@@@@@@@@@@@@@@@@@@@@@@@@@@@@@@@@@@@@@Hello info! 
2017-07-04 15:19:06,616 INFO  [LoginPage] @@@@@@@@@@@@@@@@@@@@@@@@@@@@@@@@@@@@@@@@@@@@@@@@@@@@@@@@@@@@@Hello info! 
2017-07-04 15:28:08,813 INFO  [Log] **********************Starting the test scenario*********************** 
2017-07-04 15:28:08,814 INFO  [Log] ******************************* Scenario: ************************************* 
2017-07-04 15:28:12,248 INFO  [Log] **********************End of the test*********************** 
2017-07-04 15:28:12,248 INFO  [Log] ******************************* Scenario: ************************************* 
2017-07-04 15:28:14,567 INFO  [Log] **********************Starting the test scenario*********************** 
2017-07-04 15:28:14,567 INFO  [Log] ******************************* Scenario: ************************************* 
2017-07-04 15:28:17,399 INFO  [Log] **********************End of the test*********************** 
2017-07-04 15:28:17,399 INFO  [Log] ******************************* Scenario: ************************************* 
2017-07-04 15:43:05,605 INFO  [Log] **********************Starting the test scenario *********************** 
2017-07-04 15:43:09,034 INFO  [Log] Test Passed 
2017-07-04 15:43:12,111 INFO  [Log] **********************Starting the test scenario *********************** 
2017-07-04 15:43:14,892 INFO  [Log] Test Passed 
2017-07-04 15:44:35,629 INFO  [Log] **********************Starting the test scenario *********************** 
2017-07-04 15:44:39,059 INFO  [Log] Test Passed 
2017-07-04 15:44:41,448 INFO  [Log] **********************Starting the test scenario *********************** 
2017-07-04 15:44:44,146 INFO  [Log] Test Passed 
2017-07-04 15:46:15,300 INFO  [Log] **********************Starting the test scenario *********************** 
2017-07-04 15:46:19,082 INFO  [Log] Test Passed 
2017-07-04 15:46:21,466 INFO  [Log] **********************Starting the test scenario *********************** 
2017-07-04 15:46:24,202 INFO  [Log] Test Passed 
2017-07-04 15:47:34,508 INFO  [Log] **********************Starting the test scenario *********************** 
2017-07-04 15:47:38,048 INFO  [Log] Test Passed 
2017-07-04 15:48:21,933 INFO  [Log] **********************Starting the test scenario *********************** 
2017-07-04 15:48:25,388 INFO  [Log] Test Passed 
2017-07-04 15:50:27,153 INFO  [Log] **********************Starting the test scenario *********************** 
2017-07-04 15:50:30,606 INFO  [Log] Test Passed 
2017-07-04 15:52:16,906 INFO  [Log] **********************Starting the test scenario *********************** 
2017-07-04 15:52:20,321 INFO  [Log] Test Passed 
2017-07-04 15:52:37,130 INFO  [Log] **********************Starting the test scenario *********************** 
2017-07-04 15:52:40,528 INFO  [Log] Test Passed 
2017-07-04 15:53:17,960 INFO  [Log] **********************Starting the test scenario *********************** 
2017-07-04 15:53:20,664 INFO  [Log] Test Passed 
2017-07-04 15:53:38,540 INFO  [Log] **********************Starting the test scenario *********************** 
2017-07-04 15:53:41,295 INFO  [Log] Test Passed 
2017-07-04 15:53:42,566 INFO  [Log] **********************End of the test *********************** 
2017-07-04 15:56:33,924 INFO  [Log] **********************Starting the test scenario *********************** 
2017-07-04 15:56:36,713 INFO  [Log] Test Passed 
2017-07-04 15:56:36,728 INFO  [Log] Taking a screenshot 20170704T155636728.jpg 
2017-07-04 15:56:37,985 INFO  [Log] **********************End of the test *********************** 
2017-07-04 15:59:39,218 INFO  [Log] **********************Starting the test scenario *********************** 
2017-07-04 15:59:41,960 INFO  [Log] Test Passed 
2017-07-04 15:59:41,977 INFO  [Log] Taking a screenshot 20170704T155941976.jpg 
2017-07-04 15:59:43,172 INFO  [Log] **********************End of the test *********************** 
